<?xml version="1.0" encoding="UTF-8"?>
<!-- Generated by org.testng.reporters.JUnitXMLReporter -->
<testsuite ignored="2" hostname="DESKTOP-LC2OIGE" failures="0" tests="1" name="Test_runner1" time="115.511" errors="0" timestamp="2021-11-05T11:54:37 IST">
  <testcase classname="com.Vtiger.pomscripts.VtigerTestCases" name="TC001_CreateContact" time="79.547"/>
  <testcase classname="com.Vtiger.pomscripts.VtigerTestCases" name="CreateContactTestWindowHandle" time="0.0">
    <ignored/>
  </testcase> <!-- CreateContactTestWindowHandle -->
  <testcase classname="com.Vtiger.pomscripts.VtigerTestCases" name="Tc001_CreateOrgDDTest" time="0.0">
    <ignored/>
  </testcase> <!-- Tc001_CreateOrgDDTest -->
</testsuite> <!-- Test_runner1 -->
