<?xml version="1.0" encoding="UTF-8"?>
<!-- Generated by org.testng.reporters.JUnitXMLReporter -->
<testsuite ignored="4" hostname="DESKTOP-LC2OIGE" failures="0" tests="3" name="classes" time="97.645" errors="0" timestamp="2021-10-20T16:09:47 IST">
  <testcase classname="com.Vtiger.pomscripts.Tc_001_CreateOrg_DD_Test" name="Tc001_CreateOrgDDTest" time="15.901"/>
  <testcase classname="com.Vtiger.pomscripts.Tc_002_CreateContact_org_Test" name="CreateContactTestWindowHandle" time="22.777"/>
  <testcase classname="com.Vtiger.pomscripts.Tc_001_CreateContact_Test" name="TC001_CreateContact" time="17.348"/>
  <testcase classname="com.Vtiger.Generic.Baseclass" name="@BeforeSuite startconnection" time="0.0">
    <ignored/>
  </testcase> <!-- @BeforeSuite startconnection -->
  <testcase classname="com.Vtiger.Generic.Baseclass" name="@BeforeSuite startconnection" time="0.0">
    <ignored/>
  </testcase> <!-- @BeforeSuite startconnection -->
  <testcase classname="com.Vtiger.Generic.Baseclass" name="@AfterSuite closeconnection" time="0.0">
    <ignored/>
  </testcase> <!-- @AfterSuite closeconnection -->
  <testcase classname="com.Vtiger.Generic.Baseclass" name="@AfterSuite closeconnection" time="0.0">
    <ignored/>
  </testcase> <!-- @AfterSuite closeconnection -->
</testsuite> <!-- classes -->
