<?xml version="1.0" encoding="UTF-8"?>
<!-- Generated by org.testng.reporters.JUnitXMLReporter -->
<testsuite ignored="2" hostname="DESKTOP-LC2OIGE" failures="0" tests="1" name="Test_runner3" time="86.272" errors="0" timestamp="2021-10-21T16:58:07 IST">
  <testcase classname="com.Vtiger.pomscripts.VtigerTestCases" name="CreateContactTestWindowHandle" time="53.451"/>
  <testcase classname="com.Vtiger.pomscripts.VtigerTestCases" name="TC001_CreateContact" time="0.0">
    <ignored/>
  </testcase> <!-- TC001_CreateContact -->
  <testcase classname="com.Vtiger.pomscripts.VtigerTestCases" name="Tc001_CreateOrgDDTest" time="0.0">
    <ignored/>
  </testcase> <!-- Tc001_CreateOrgDDTest -->
</testsuite> <!-- Test_runner3 -->
