<?xml version="1.0" encoding="UTF-8"?>
<testng-results ignored="0" total="1" passed="1" failed="0" skipped="0">
  <reporter-output>
  </reporter-output>
  <suite started-at="2021-12-14T17:56:03 IST" name="Default suite" finished-at="2021-12-14T17:58:53 IST" duration-ms="170410">
    <groups>
    </groups>
    <test started-at="2021-12-14T17:56:03 IST" name="Default test" finished-at="2021-12-14T17:58:53 IST" duration-ms="170410">
      <class name="com.Vtiger.pomscripts.Tc_001_CreateContact_Test">
        <test-method is-config="true" signature="startconnection()[pri:0, instance:com.Vtiger.pomscripts.Tc_001_CreateContact_Test@2ddc9a9f]" started-at="2021-12-14T17:56:03 IST" name="startconnection" finished-at="2021-12-14T17:56:03 IST" duration-ms="101" status="PASS">
          <reporter-output>
          </reporter-output>
        </test-method> <!-- startconnection -->
        <test-method is-config="true" signature="launchbrowser()[pri:0, instance:com.Vtiger.pomscripts.Tc_001_CreateContact_Test@2ddc9a9f]" started-at="2021-12-14T17:56:03 IST" name="launchbrowser" finished-at="2021-12-14T17:57:09 IST" duration-ms="65480" status="PASS">
          <reporter-output>
          </reporter-output>
        </test-method> <!-- launchbrowser -->
        <test-method is-config="true" signature="logindetails()[pri:0, instance:com.Vtiger.pomscripts.Tc_001_CreateContact_Test@2ddc9a9f]" started-at="2021-12-14T17:57:09 IST" name="logindetails" finished-at="2021-12-14T17:57:41 IST" duration-ms="32633" status="PASS">
          <reporter-output>
          </reporter-output>
        </test-method> <!-- logindetails -->
        <test-method signature="TC001_CreateContactTest()[pri:0, instance:com.Vtiger.pomscripts.Tc_001_CreateContact_Test@2ddc9a9f]" started-at="2021-12-14T17:57:41 IST" name="TC001_CreateContactTest" finished-at="2021-12-14T17:58:42 IST" duration-ms="60771" status="PASS">
          <reporter-output>
          </reporter-output>
        </test-method> <!-- TC001_CreateContactTest -->
        <test-method is-config="true" signature="logout()[pri:0, instance:com.Vtiger.pomscripts.Tc_001_CreateContact_Test@2ddc9a9f]" started-at="2021-12-14T17:58:42 IST" name="logout" finished-at="2021-12-14T17:58:52 IST" duration-ms="9567" status="PASS">
          <reporter-output>
          </reporter-output>
        </test-method> <!-- logout -->
        <test-method is-config="true" signature="closebrowser()[pri:0, instance:com.Vtiger.pomscripts.Tc_001_CreateContact_Test@2ddc9a9f]" started-at="2021-12-14T17:58:52 IST" name="closebrowser" finished-at="2021-12-14T17:58:53 IST" duration-ms="1874" status="PASS">
          <reporter-output>
          </reporter-output>
        </test-method> <!-- closebrowser -->
        <test-method is-config="true" signature="closeconnection()[pri:0, instance:com.Vtiger.pomscripts.Tc_001_CreateContact_Test@2ddc9a9f]" started-at="2021-12-14T17:58:54 IST" name="closeconnection" finished-at="2021-12-14T17:58:54 IST" duration-ms="1" status="PASS">
          <reporter-output>
          </reporter-output>
        </test-method> <!-- closeconnection -->
      </class> <!-- com.Vtiger.pomscripts.Tc_001_CreateContact_Test -->
    </test> <!-- Default test -->
  </suite> <!-- Default suite -->
</testng-results>
